<?xml version="1.0" encoding="UTF-8"?>
<!-- Generated by org.testng.reporters.JUnitReportReporter -->
<testsuite hostname="CIN10145L" failures="0" tests="1" name="Running.CucumberTestRunner" time="3.726" errors="0" timestamp="2024-08-12T18:03:27 IST" skipped="0">
  <testcase classname="Running.CucumberTestRunner" name="runScenario" time="3.726"/>
  <system-out/>
</testsuite> <!-- Running.CucumberTestRunner -->
